<?xml version="1.0" encoding="UTF-8"?>
<!-- Generated by org.testng.reporters.JUnitXMLReporter -->
<testsuite ignored="0" hostname="uma" failures="0" tests="4" name="Default test" time="36.229" errors="0" timestamp="2024-11-16T18:12:56 IST">
  <testcase classname="api.test.UserTests" name="testPostUser" time="21.698"/>
  <testcase classname="api.test.UserTests" name="testGetUserByName" time="2.439"/>
  <testcase classname="api.test.UserTests" name="testUpdateUserByName" time="3.236"/>
  <testcase classname="api.test.UserTests" name="testDeleteUserByName" time="1.543"/>
</testsuite> <!-- Default test -->
