<?xml version="1.0" encoding="UTF-8"?>
<testng-results ignored="0" total="4" passed="4" failed="0" skipped="0">
  <reporter-output>
  </reporter-output>
  <suite started-at="2024-11-16T19:18:48 IST" name="PetSuite" finished-at="2024-11-16T19:19:18 IST" duration-ms="30315">
    <groups>
    </groups>
    <test started-at="2024-11-16T19:18:48 IST" name="PetTests" finished-at="2024-11-16T19:19:18 IST" duration-ms="30315">
      <class name="api.test.UserTests">
        <test-method is-config="true" signature="setupData()[pri:0, instance:api.test.UserTests@393671df]" started-at="2024-11-16T19:18:49 IST" name="setupData" finished-at="2024-11-16T19:18:53 IST" duration-ms="3968" status="PASS">
          <reporter-output>
          </reporter-output>
        </test-method> <!-- setupData -->
        <test-method signature="testPostUser()[pri:1, instance:api.test.UserTests@393671df]" started-at="2024-11-16T19:18:53 IST" name="testPostUser" finished-at="2024-11-16T19:19:12 IST" duration-ms="18784" status="PASS">
          <reporter-output>
          </reporter-output>
        </test-method> <!-- testPostUser -->
        <test-method signature="testGetUserByName()[pri:2, instance:api.test.UserTests@393671df]" started-at="2024-11-16T19:19:12 IST" name="testGetUserByName" finished-at="2024-11-16T19:19:14 IST" duration-ms="1593" status="PASS">
          <reporter-output>
          </reporter-output>
        </test-method> <!-- testGetUserByName -->
        <test-method signature="testUpdateUserByName()[pri:3, instance:api.test.UserTests@393671df]" started-at="2024-11-16T19:19:14 IST" name="testUpdateUserByName" finished-at="2024-11-16T19:19:17 IST" duration-ms="3173" status="PASS">
          <reporter-output>
          </reporter-output>
        </test-method> <!-- testUpdateUserByName -->
        <test-method signature="testDeleteUserByName()[pri:4, instance:api.test.UserTests@393671df]" started-at="2024-11-16T19:19:17 IST" name="testDeleteUserByName" finished-at="2024-11-16T19:19:18 IST" duration-ms="1414" status="PASS">
          <reporter-output>
          </reporter-output>
        </test-method> <!-- testDeleteUserByName -->
      </class> <!-- api.test.UserTests -->
    </test> <!-- PetTests -->
  </suite> <!-- PetSuite -->
</testng-results>
