<?xml version="1.0" encoding="UTF-8"?>
<!-- Generated by org.testng.reporters.JUnitXMLReporter -->
<testsuite ignored="0" hostname="uma" failures="0" tests="4" name="PetTests" time="28.067" errors="0" timestamp="2024-11-16T18:01:54 IST">
  <testcase classname="api.test.UserTests" name="testPostUser" time="16.311"/>
  <testcase classname="api.test.UserTests" name="testGetUserByName" time="1.508"/>
  <testcase classname="api.test.UserTests" name="testUpdateUserByName" time="2.935"/>
  <testcase classname="api.test.UserTests" name="testDeleteUserByName" time="1.251"/>
</testsuite> <!-- PetTests -->
